2025-04-03 13:59:59,969 django.utils.autoreload 668 INFO     Watching for file changes with StatReloader
2025-04-03 14:05:29,255 django.utils.autoreload 266 INFO     D:\pythoncode\meetingroom\interview\admin.py changed, reloading.
2025-04-03 14:05:29,654 django.utils.autoreload 668 INFO     Watching for file changes with StatReloader
2025-04-03 14:05:35,945 django.utils.autoreload 266 INFO     D:\pythoncode\meetingroom\interview\admin.py changed, reloading.
2025-04-03 14:05:36,321 django.utils.autoreload 668 INFO     Watching for file changes with StatReloader
2025-04-03 14:06:07,052 django.utils.autoreload 266 INFO     D:\pythoncode\meetingroom\interview\admin.py changed, reloading.
2025-04-03 14:06:07,428 django.utils.autoreload 668 INFO     Watching for file changes with StatReloader
2025-04-03 14:06:21,188 interview.admin 37 INFO      admin has exported 1 candidate records
2025-04-03 14:14:07,546 django.utils.autoreload 668 INFO     Watching for file changes with StatReloader
2025-04-03 14:29:15,830 django.utils.autoreload 668 INFO     Watching for file changes with StatReloader
2025-04-03 14:30:13,265 django.utils.autoreload 266 INFO     D:\pythoncode\meetingroom\meetingroom\urls.py changed, reloading.
2025-04-03 14:30:13,694 django.utils.autoreload 668 INFO     Watching for file changes with StatReloader
2025-04-03 14:41:17,471 django.utils.autoreload 266 INFO     D:\pythoncode\meetingroom\interview\admin.py changed, reloading.
2025-04-03 14:41:17,891 django.utils.autoreload 668 INFO     Watching for file changes with StatReloader
2025-04-03 14:43:34,942 django.utils.autoreload 266 INFO     D:\pythoncode\meetingroom\interview\admin.py changed, reloading.
2025-04-03 14:43:35,416 django.utils.autoreload 668 INFO     Watching for file changes with StatReloader
2025-04-03 14:44:13,523 interview.admin 77 INFO     interviewer is in user's group for √Ê ‘πŸ-a
2025-04-03 14:44:13,528 interview.admin 77 INFO     interviewer is in user's group for √Ê ‘πŸ-a
2025-04-03 14:44:36,714 django.request 248 WARNING  Forbidden (Permission denied): /admin/auth/user/3/change/
Traceback (most recent call last):
  File "D:\ProgramData\anaconda3\envs\django\lib\site-packages\django\core\handlers\exception.py", line 55, in inner
    response = get_response(request)
  File "D:\ProgramData\anaconda3\envs\django\lib\site-packages\django\core\handlers\base.py", line 197, in _get_response
    response = wrapped_callback(request, *callback_args, **callback_kwargs)
  File "D:\ProgramData\anaconda3\envs\django\lib\site-packages\django\contrib\admin\options.py", line 718, in wrapper
    return self.admin_site.admin_view(view)(*args, **kwargs)
  File "D:\ProgramData\anaconda3\envs\django\lib\site-packages\django\utils\decorators.py", line 188, in _view_wrapper
    result = _process_exception(request, e)
  File "D:\ProgramData\anaconda3\envs\django\lib\site-packages\django\utils\decorators.py", line 186, in _view_wrapper
    response = view_func(request, *args, **kwargs)
  File "D:\ProgramData\anaconda3\envs\django\lib\site-packages\django\views\decorators\cache.py", line 80, in _view_wrapper
    response = view_func(request, *args, **kwargs)
  File "D:\ProgramData\anaconda3\envs\django\lib\site-packages\django\contrib\admin\sites.py", line 241, in inner
    return view(request, *args, **kwargs)
  File "D:\ProgramData\anaconda3\envs\django\lib\site-packages\django\contrib\admin\options.py", line 1964, in change_view
    return self.changeform_view(request, object_id, form_url, extra_context)
  File "D:\ProgramData\anaconda3\envs\django\lib\site-packages\django\utils\decorators.py", line 48, in _wrapper
    return bound_method(*args, **kwargs)
  File "D:\ProgramData\anaconda3\envs\django\lib\site-packages\django\utils\decorators.py", line 188, in _view_wrapper
    result = _process_exception(request, e)
  File "D:\ProgramData\anaconda3\envs\django\lib\site-packages\django\utils\decorators.py", line 186, in _view_wrapper
    response = view_func(request, *args, **kwargs)
  File "D:\ProgramData\anaconda3\envs\django\lib\site-packages\django\contrib\admin\options.py", line 1820, in changeform_view
    return self._changeform_view(request, object_id, form_url, extra_context)
  File "D:\ProgramData\anaconda3\envs\django\lib\site-packages\django\contrib\admin\options.py", line 1847, in _changeform_view
    raise PermissionDenied
django.core.exceptions.PermissionDenied
2025-04-03 14:44:38,814 interview.admin 77 INFO     interviewer is in user's group for √Ê ‘πŸ-a
2025-04-03 14:44:38,818 interview.admin 77 INFO     interviewer is in user's group for √Ê ‘πŸ-a
2025-04-03 14:45:31,204 django.utils.autoreload 266 INFO     D:\pythoncode\meetingroom\interview\admin.py changed, reloading.
2025-04-03 14:45:31,596 django.utils.autoreload 668 INFO     Watching for file changes with StatReloader
2025-04-03 14:45:33,670 interview.admin 77 INFO     interviewer is in user's group for √Ê ‘πŸ-a
2025-04-03 14:45:33,672 interview.admin 77 INFO     interviewer is in user's group for √Ê ‘πŸ-a
2025-04-03 14:52:00,354 django.utils.autoreload 266 INFO     D:\pythoncode\meetingroom\interview\admin.py changed, reloading.
2025-04-03 14:52:00,824 django.utils.autoreload 668 INFO     Watching for file changes with StatReloader
2025-04-03 14:54:36,539 django.utils.autoreload 266 INFO     D:\pythoncode\meetingroom\interview\admin.py changed, reloading.
2025-04-03 14:54:36,977 django.utils.autoreload 668 INFO     Watching for file changes with StatReloader
2025-04-03 14:55:26,177 django.utils.autoreload 266 INFO     D:\pythoncode\meetingroom\interview\admin.py changed, reloading.
2025-04-03 14:55:26,607 django.utils.autoreload 668 INFO     Watching for file changes with StatReloader
2025-04-03 14:57:56,147 django.utils.autoreload 266 INFO     D:\pythoncode\meetingroom\interview\admin.py changed, reloading.
2025-04-03 14:57:56,532 django.utils.autoreload 668 INFO     Watching for file changes with StatReloader
2025-04-03 15:00:35,855 django.utils.autoreload 266 INFO     D:\pythoncode\meetingroom\interview\admin.py changed, reloading.
2025-04-03 15:00:36,242 django.utils.autoreload 668 INFO     Watching for file changes with StatReloader
2025-04-03 15:08:21,885 django.utils.autoreload 668 INFO     Watching for file changes with StatReloader
2025-04-03 15:08:35,932 django.request 248 WARNING  Not Found: /
2025-04-03 15:18:46,216 django.utils.autoreload 266 INFO     D:\pythoncode\meetingroom\interview\admin.py changed, reloading.
2025-04-03 15:18:46,610 django.utils.autoreload 668 INFO     Watching for file changes with StatReloader
2025-04-03 15:19:02,157 django.utils.autoreload 266 INFO     D:\pythoncode\meetingroom\interview\admin.py changed, reloading.
2025-04-03 15:19:02,566 django.utils.autoreload 668 INFO     Watching for file changes with StatReloader
2025-04-03 15:19:51,921 django.utils.autoreload 266 INFO     D:\pythoncode\meetingroom\interview\admin.py changed, reloading.
2025-04-03 15:19:52,377 django.utils.autoreload 668 INFO     Watching for file changes with StatReloader
2025-04-03 15:21:13,898 django.utils.autoreload 266 INFO     D:\pythoncode\meetingroom\interview\admin.py changed, reloading.
2025-04-03 15:21:14,329 django.utils.autoreload 668 INFO     Watching for file changes with StatReloader
2025-04-03 15:23:37,378 django.request 248 WARNING  Not Found: /
2025-04-03 15:25:22,665 interview.admin 80 INFO     interviewer is in user's group for √Ê ‘πŸ-a
2025-04-03 15:25:22,667 interview.admin 80 INFO     interviewer is in user's group for √Ê ‘πŸ-a
2025-04-03 15:25:35,655 interview.admin 80 INFO     interviewer is in user's group for √Ê ‘πŸ-a
2025-04-03 15:25:35,656 interview.admin 80 INFO     interviewer is in user's group for √Ê ‘πŸ-a
2025-04-03 15:25:53,717 interview.admin 80 INFO     interviewer is in user's group for √Ê ‘πŸ-b
2025-04-03 15:25:53,720 interview.admin 80 INFO     interviewer is in user's group for √Ê ‘πŸ-b
2025-04-03 15:26:01,796 interview.admin 80 INFO     interviewer is in user's group for √Ê ‘πŸ-b
2025-04-03 15:26:01,799 interview.admin 80 INFO     interviewer is in user's group for √Ê ‘πŸ-b
2025-04-03 15:30:52,653 django.utils.autoreload 266 INFO     D:\pythoncode\meetingroom\interview\admin.py changed, reloading.
2025-04-03 15:30:53,093 django.utils.autoreload 668 INFO     Watching for file changes with StatReloader
2025-04-03 15:33:02,428 django.utils.autoreload 266 INFO     D:\pythoncode\meetingroom\interview\admin.py changed, reloading.
2025-04-03 15:33:02,822 django.utils.autoreload 668 INFO     Watching for file changes with StatReloader
2025-04-03 15:33:34,832 interview.admin 81 INFO     interviewer is in user's group for √Ê ‘πŸ-b
2025-04-03 15:33:34,835 interview.admin 81 INFO     interviewer is in user's group for √Ê ‘πŸ-b
2025-04-03 15:33:59,140 interview.admin 81 INFO     interviewer is in user's group for √Ê ‘πŸ-a
2025-04-03 15:33:59,142 interview.admin 81 INFO     interviewer is in user's group for √Ê ‘πŸ-a
2025-04-03 15:34:02,655 interview.admin 81 INFO     interviewer is in user's group for √Ê ‘πŸ-a
2025-04-03 15:34:02,657 interview.admin 81 INFO     interviewer is in user's group for √Ê ‘πŸ-a
2025-04-03 15:34:15,949 interview.admin 81 INFO     interviewer is in user's group for √Ê ‘πŸ-c
2025-04-03 15:34:15,951 interview.admin 81 INFO     interviewer is in user's group for √Ê ‘πŸ-c
2025-04-03 15:40:39,246 django.utils.autoreload 266 INFO     D:\pythoncode\meetingroom\interview\models.py changed, reloading.
2025-04-03 15:40:39,673 django.utils.autoreload 668 INFO     Watching for file changes with StatReloader
2025-04-03 15:41:06,498 django.utils.autoreload 266 INFO     D:\pythoncode\meetingroom\interview\admin.py changed, reloading.
2025-04-03 15:41:06,894 django.utils.autoreload 668 INFO     Watching for file changes with StatReloader
2025-04-03 15:43:26,367 django.utils.autoreload 266 INFO     D:\pythoncode\meetingroom\interview\admin.py changed, reloading.
2025-04-03 15:43:26,874 django.utils.autoreload 668 INFO     Watching for file changes with StatReloader
2025-04-03 16:29:23,633 django.utils.autoreload 668 INFO     Watching for file changes with StatReloader
2025-04-03 16:30:02,535 django.utils.autoreload 266 INFO     D:\pythoncode\meetingroom\interview\admin.py changed, reloading.
2025-04-03 16:30:03,159 django.utils.autoreload 668 INFO     Watching for file changes with StatReloader
2025-04-03 16:42:45,129 django.utils.autoreload 668 INFO     Watching for file changes with StatReloader
2025-04-03 16:43:59,949 django.request 248 WARNING  Not Found: /accounts/profile/
2025-04-03 16:44:31,779 django.request 248 WARNING  Not Found: /accounts/profile/
2025-04-03 16:44:40,975 django.request 248 WARNING  Not Found: /accounts/
2025-04-03 16:44:52,419 django.request 248 WARNING  Not Found: /accounts/profile/
2025-04-03 16:45:39,735 django.request 248 WARNING  Not Found: /accounts/profile/
2025-04-03 16:45:47,319 django.request 248 WARNING  Not Found: /accounts/profile/
2025-04-03 16:46:49,518 django.request 248 WARNING  Not Found: /favicon.ico
2025-04-03 16:47:18,018 django.utils.autoreload 266 INFO     D:\pythoncode\meetingroom\meetingroom\urls.py changed, reloading.
2025-04-03 16:47:18,707 django.utils.autoreload 668 INFO     Watching for file changes with StatReloader
2025-04-03 16:48:24,196 django.request 248 WARNING  Not Found: /
2025-04-03 16:49:13,799 django.request 248 WARNING  Not Found: /
2025-04-03 16:51:06,026 django.utils.autoreload 266 INFO     D:\pythoncode\meetingroom\jobs\urls.py changed, reloading.
2025-04-03 16:51:06,693 django.utils.autoreload 668 INFO     Watching for file changes with StatReloader
2025-04-03 16:51:32,553 django.security.csrf 248 WARNING  Forbidden (CSRF token from POST incorrect.): /accounts/register/
2025-04-03 16:51:37,840 django.request 248 WARNING  Not Found: /accounts/profile/
2025-04-03 16:51:52,817 django.request 248 WARNING  Not Found: /accounts/profile/
2025-04-03 16:51:58,447 django.request 248 WARNING  Not Found: /accounts/profile/
2025-04-03 16:52:18,277 django.utils.autoreload 668 INFO     Watching for file changes with StatReloader
2025-04-03 16:52:31,588 django.request 248 WARNING  Not Found: /accounts/profile/
2025-04-03 16:53:04,394 django.request 248 WARNING  Not Found: /accounts/profile/
2025-04-03 16:53:44,352 django.utils.autoreload 266 INFO     D:\pythoncode\meetingroom\jobs\urls.py changed, reloading.
2025-04-03 16:53:45,035 django.utils.autoreload 668 INFO     Watching for file changes with StatReloader
2025-04-03 16:53:55,588 django.utils.autoreload 266 INFO     D:\pythoncode\meetingroom\jobs\urls.py changed, reloading.
2025-04-03 16:53:56,262 django.utils.autoreload 668 INFO     Watching for file changes with StatReloader
2025-04-03 16:54:04,641 django.request 248 WARNING  Not Found: /accounts/profile/
2025-04-03 16:54:19,400 django.request 248 WARNING  Not Found: /accounts/profile/
2025-04-03 16:59:53,345 django.utils.autoreload 266 INFO     D:\pythoncode\meetingroom\settings\base.py changed, reloading.
2025-04-03 16:59:53,983 django.utils.autoreload 668 INFO     Watching for file changes with StatReloader
2025-04-03 17:00:10,732 django.security.csrf 248 WARNING  Forbidden (CSRF token from POST incorrect.): /admin/logout/
2025-04-03 17:00:19,199 django.security.csrf 248 WARNING  Forbidden (CSRF token from POST incorrect.): /admin/logout/
2025-04-03 17:02:31,869 django.request 146 WARNING  Method Not Allowed (GET): /accounts/logout/
2025-04-03 17:02:31,870 django.request 248 WARNING  Method Not Allowed: /accounts/logout/
2025-04-03 17:02:46,339 django.request 146 WARNING  Method Not Allowed (GET): /accounts/logout/
2025-04-03 17:02:46,339 django.request 248 WARNING  Method Not Allowed: /accounts/logout/
2025-04-03 17:03:31,258 django.utils.autoreload 266 INFO     D:\pythoncode\meetingroom\settings\base.py changed, reloading.
2025-04-03 17:03:31,894 django.utils.autoreload 668 INFO     Watching for file changes with StatReloader
2025-04-03 17:06:44,638 django.request 146 WARNING  Method Not Allowed (GET): /accounts/logout/
2025-04-03 17:06:44,639 django.request 248 WARNING  Method Not Allowed: /accounts/logout/
2025-04-07 09:54:10,450 django.utils.autoreload 668 INFO     Watching for file changes with StatReloader
2025-04-07 09:55:13,201 django.request 248 WARNING  Not Found: /favicon.ico
2025-04-07 09:56:50,219 django.request 146 WARNING  Method Not Allowed (GET): /accounts/logout/
2025-04-07 09:56:50,220 django.request 248 WARNING  Method Not Allowed: /accounts/logout/
2025-04-07 09:57:49,126 django.utils.autoreload 266 INFO     D:\pythoncode\meetingroom\jobs\views.py changed, reloading.
2025-04-07 09:57:49,813 django.utils.autoreload 668 INFO     Watching for file changes with StatReloader
2025-04-07 09:59:09,337 django.utils.autoreload 266 INFO     D:\pythoncode\meetingroom\jobs\views.py changed, reloading.
2025-04-07 09:59:09,986 django.utils.autoreload 668 INFO     Watching for file changes with StatReloader
2025-04-07 09:59:46,186 django.utils.autoreload 266 INFO     D:\pythoncode\meetingroom\jobs\views.py changed, reloading.
2025-04-07 09:59:46,831 django.utils.autoreload 668 INFO     Watching for file changes with StatReloader
2025-04-07 09:59:53,055 django.request 146 WARNING  Method Not Allowed (GET): /accounts/logout/
2025-04-07 09:59:53,056 django.request 248 WARNING  Method Not Allowed: /accounts/logout/
2025-04-07 10:04:48,522 django.request 146 WARNING  Method Not Allowed (GET): /accounts/logout/
2025-04-07 10:04:48,522 django.request 248 WARNING  Method Not Allowed: /accounts/logout/
2025-04-07 10:04:50,019 django.request 146 WARNING  Method Not Allowed (GET): /accounts/logout/
2025-04-07 10:04:50,019 django.request 248 WARNING  Method Not Allowed: /accounts/logout/
2025-04-07 10:11:10,371 django.utils.autoreload 266 INFO     D:\pythoncode\meetingroom\jobs\models.py changed, reloading.
2025-04-07 10:11:11,368 django.utils.autoreload 668 INFO     Watching for file changes with StatReloader
2025-04-07 10:11:43,079 django.utils.autoreload 266 INFO     D:\pythoncode\meetingroom\jobs\models.py changed, reloading.
2025-04-07 10:11:43,475 django.utils.autoreload 668 INFO     Watching for file changes with StatReloader
2025-04-07 10:12:06,002 django.utils.autoreload 266 INFO     D:\pythoncode\meetingroom\jobs\models.py changed, reloading.
2025-04-07 10:12:06,393 django.utils.autoreload 668 INFO     Watching for file changes with StatReloader
2025-04-07 10:12:15,730 django.utils.autoreload 266 INFO     D:\pythoncode\meetingroom\jobs\models.py changed, reloading.
2025-04-07 10:12:16,117 django.utils.autoreload 668 INFO     Watching for file changes with StatReloader
2025-04-07 10:13:39,838 django.utils.autoreload 266 INFO     D:\pythoncode\meetingroom\jobs\models.py changed, reloading.
2025-04-07 10:13:40,492 django.utils.autoreload 668 INFO     Watching for file changes with StatReloader
2025-04-07 10:14:56,858 django.utils.autoreload 266 INFO     D:\pythoncode\meetingroom\jobs\admin.py changed, reloading.
2025-04-07 10:14:57,271 django.utils.autoreload 668 INFO     Watching for file changes with StatReloader
2025-04-07 10:16:28,076 django.utils.autoreload 266 INFO     D:\pythoncode\meetingroom\jobs\admin.py changed, reloading.
2025-04-07 10:16:28,456 django.utils.autoreload 668 INFO     Watching for file changes with StatReloader
2025-04-07 10:16:41,850 django.utils.autoreload 266 INFO     D:\pythoncode\meetingroom\jobs\admin.py changed, reloading.
2025-04-07 10:16:42,471 django.utils.autoreload 668 INFO     Watching for file changes with StatReloader
2025-04-07 10:17:12,577 django.utils.autoreload 266 INFO     D:\pythoncode\meetingroom\jobs\admin.py changed, reloading.
2025-04-07 10:17:13,252 django.utils.autoreload 668 INFO     Watching for file changes with StatReloader
2025-04-07 10:19:23,297 django.utils.autoreload 266 INFO     D:\pythoncode\meetingroom\jobs\admin.py changed, reloading.
2025-04-07 10:19:23,935 django.utils.autoreload 668 INFO     Watching for file changes with StatReloader
2025-04-07 10:21:57,948 django.utils.autoreload 668 INFO     Watching for file changes with StatReloader
2025-04-07 10:32:10,117 django.utils.autoreload 668 INFO     Watching for file changes with StatReloader
2025-04-07 10:33:50,977 django.request 146 WARNING  Method Not Allowed (GET): /accounts/logout/
2025-04-07 10:33:50,977 django.request 248 WARNING  Method Not Allowed: /accounts/logout/
2025-04-07 10:35:23,537 django.request 146 WARNING  Method Not Allowed (GET): /accounts/logout/
2025-04-07 10:35:23,538 django.request 248 WARNING  Method Not Allowed: /accounts/logout/
2025-04-07 10:42:15,495 django.utils.autoreload 266 INFO     D:\pythoncode\meetingroom\jobs\views.py changed, reloading.
2025-04-07 10:42:16,195 django.utils.autoreload 668 INFO     Watching for file changes with StatReloader
2025-04-07 10:42:36,995 django.utils.autoreload 266 INFO     D:\pythoncode\meetingroom\jobs\views.py changed, reloading.
2025-04-07 10:42:37,620 django.utils.autoreload 668 INFO     Watching for file changes with StatReloader
2025-04-07 10:42:54,323 django.utils.autoreload 266 INFO     D:\pythoncode\meetingroom\jobs\views.py changed, reloading.
2025-04-07 10:42:54,965 django.utils.autoreload 668 INFO     Watching for file changes with StatReloader
2025-04-07 10:43:02,339 django.utils.autoreload 266 INFO     D:\pythoncode\meetingroom\jobs\views.py changed, reloading.
2025-04-07 10:43:02,959 django.utils.autoreload 668 INFO     Watching for file changes with StatReloader
2025-04-07 10:43:04,086 django.utils.autoreload 266 INFO     D:\pythoncode\meetingroom\jobs\views.py changed, reloading.
2025-04-07 10:43:04,779 django.utils.autoreload 668 INFO     Watching for file changes with StatReloader
2025-04-07 10:43:07,963 django.utils.autoreload 266 INFO     D:\pythoncode\meetingroom\jobs\views.py changed, reloading.
2025-04-07 10:43:08,631 django.utils.autoreload 668 INFO     Watching for file changes with StatReloader
2025-04-07 10:43:24,297 django.utils.autoreload 266 INFO     D:\pythoncode\meetingroom\jobs\views.py changed, reloading.
2025-04-07 10:43:25,018 django.utils.autoreload 668 INFO     Watching for file changes with StatReloader
2025-04-07 10:49:37,996 django.utils.autoreload 266 INFO     D:\pythoncode\meetingroom\jobs\urls.py changed, reloading.
2025-04-07 10:49:38,824 django.utils.autoreload 668 INFO     Watching for file changes with StatReloader
2025-04-07 11:06:46,725 django.utils.autoreload 668 INFO     Watching for file changes with StatReloader
2025-04-07 11:12:03,630 django.utils.autoreload 266 INFO     D:\pythoncode\meetingroom\jobs\views.py changed, reloading.
2025-04-07 11:12:04,282 django.utils.autoreload 668 INFO     Watching for file changes with StatReloader
2025-04-07 11:12:33,311 django.utils.autoreload 266 INFO     D:\pythoncode\meetingroom\jobs\views.py changed, reloading.
2025-04-07 11:12:33,986 django.utils.autoreload 668 INFO     Watching for file changes with StatReloader
2025-04-07 11:13:20,590 django.utils.autoreload 266 INFO     D:\pythoncode\meetingroom\jobs\views.py changed, reloading.
2025-04-07 11:13:21,237 django.utils.autoreload 668 INFO     Watching for file changes with StatReloader
2025-04-07 11:13:49,299 django.utils.autoreload 266 INFO     D:\pythoncode\meetingroom\jobs\views.py changed, reloading.
2025-04-07 11:13:49,978 django.utils.autoreload 668 INFO     Watching for file changes with StatReloader
2025-04-07 11:16:25,954 django.utils.autoreload 266 INFO     D:\pythoncode\meetingroom\jobs\views.py changed, reloading.
2025-04-07 11:16:26,622 django.utils.autoreload 668 INFO     Watching for file changes with StatReloader
2025-04-07 11:17:08,096 django.utils.autoreload 266 INFO     D:\pythoncode\meetingroom\jobs\views.py changed, reloading.
2025-04-07 11:17:08,753 django.utils.autoreload 668 INFO     Watching for file changes with StatReloader
2025-04-07 11:20:00,035 django.request 248 WARNING  Not Found: /images/screenshot-1708515599083.png
2025-04-07 11:25:24,488 django.utils.autoreload 266 INFO     D:\pythoncode\meetingroom\settings\base.py changed, reloading.
2025-04-07 11:25:25,221 django.utils.autoreload 668 INFO     Watching for file changes with StatReloader
2025-04-07 11:28:09,744 django.utils.autoreload 668 INFO     Watching for file changes with StatReloader
2025-04-07 11:31:55,938 django.utils.autoreload 668 INFO     Watching for file changes with StatReloader
2025-04-07 11:38:38,800 django.utils.autoreload 266 INFO     D:\pythoncode\meetingroom\jobs\admin.py changed, reloading.
2025-04-07 11:38:39,219 django.utils.autoreload 668 INFO     Watching for file changes with StatReloader
2025-04-07 11:38:46,536 django.utils.autoreload 266 INFO     D:\pythoncode\meetingroom\jobs\admin.py changed, reloading.
2025-04-07 11:38:46,973 django.utils.autoreload 668 INFO     Watching for file changes with StatReloader
2025-04-07 11:39:39,150 django.utils.autoreload 266 INFO     D:\pythoncode\meetingroom\jobs\admin.py changed, reloading.
2025-04-07 11:39:39,826 django.utils.autoreload 668 INFO     Watching for file changes with StatReloader
2025-04-07 11:41:33,905 django.utils.autoreload 266 INFO     D:\pythoncode\meetingroom\jobs\admin.py changed, reloading.
2025-04-07 11:41:34,551 django.utils.autoreload 668 INFO     Watching for file changes with StatReloader
2025-04-07 11:41:44,121 django.utils.autoreload 266 INFO     D:\pythoncode\meetingroom\jobs\admin.py changed, reloading.
2025-04-07 11:41:44,837 django.utils.autoreload 668 INFO     Watching for file changes with StatReloader
2025-04-07 11:43:01,619 django.utils.autoreload 266 INFO     D:\pythoncode\meetingroom\jobs\admin.py changed, reloading.
2025-04-07 11:43:02,272 django.utils.autoreload 668 INFO     Watching for file changes with StatReloader
2025-04-07 13:10:02,826 django.utils.autoreload 266 INFO     D:\pythoncode\meetingroom\jobs\views.py changed, reloading.
2025-04-07 13:10:03,557 django.utils.autoreload 668 INFO     Watching for file changes with StatReloader
2025-04-07 13:10:33,629 django.utils.autoreload 266 INFO     D:\pythoncode\meetingroom\jobs\views.py changed, reloading.
2025-04-07 13:10:34,324 django.utils.autoreload 668 INFO     Watching for file changes with StatReloader
2025-04-07 13:22:02,517 django.utils.autoreload 266 INFO     D:\pythoncode\meetingroom\jobs\urls.py changed, reloading.
2025-04-07 13:22:03,207 django.utils.autoreload 668 INFO     Watching for file changes with StatReloader
2025-04-07 13:27:31,603 django.utils.autoreload 266 INFO     D:\pythoncode\meetingroom\interview\admin.py changed, reloading.
2025-04-07 13:27:32,382 django.utils.autoreload 668 INFO     Watching for file changes with StatReloader
2025-04-07 13:27:51,190 django.utils.autoreload 266 INFO     D:\pythoncode\meetingroom\interview\admin.py changed, reloading.
2025-04-07 13:27:51,591 django.utils.autoreload 668 INFO     Watching for file changes with StatReloader
2025-04-07 13:27:52,792 django.utils.autoreload 266 INFO     D:\pythoncode\meetingroom\interview\admin.py changed, reloading.
2025-04-07 13:27:53,191 django.utils.autoreload 668 INFO     Watching for file changes with StatReloader
2025-04-07 13:28:00,511 django.utils.autoreload 266 INFO     D:\pythoncode\meetingroom\interview\admin.py changed, reloading.
2025-04-07 13:28:00,911 django.utils.autoreload 668 INFO     Watching for file changes with StatReloader
2025-04-07 13:28:12,404 django.utils.autoreload 266 INFO     D:\pythoncode\meetingroom\interview\admin.py changed, reloading.
2025-04-07 13:28:12,781 django.utils.autoreload 668 INFO     Watching for file changes with StatReloader
2025-04-07 13:28:49,679 django.utils.autoreload 266 INFO     D:\pythoncode\meetingroom\interview\admin.py changed, reloading.
2025-04-07 13:28:50,325 django.utils.autoreload 668 INFO     Watching for file changes with StatReloader
